[Sun, 06 May 18 10:57:26 +0000][ERROR] syntax error, unexpected '$agreeDrug' (T_VARIABLE) (0) in /Users/qishengqiang/PhpstormProjects/module.audit/app/Services/Drug/DrugService.php:109
Stack trace:
#0 /Users/qishengqiang/PhpstormProjects/module.audit/vendor/composer/ClassLoader.php(322): Composer\Autoload\includeFile('/Users/qishengq...')
#1 [internal function]: Composer\Autoload\ClassLoader->loadClass('App\\Services\\Dr...')
#2 [internal function]: spl_autoload_call('App\\Services\\Dr...')
#3 [internal function]: Phalcon\Di\Service->resolve(NULL, Object(Uniondrug\Framework\Container))
#4 [internal function]: Phalcon\Di->get('drugService', NULL)
#5 [internal function]: Phalcon\Di->getShared('drugService')
#6 /Users/qishengqiang/PhpstormProjects/module.audit/app/Logics/Audit/AuditLogic.php(31): Phalcon\Di\Injectable->__get('drugService')
#7 /Users/qishengqiang/PhpstormProjects/module.audit/vendor/uniondrug/framework/src/Logics/Logic.php(30): App\Logics\Audit\AuditLogic->run(Array)
#8 /Users/qishengqiang/PhpstormProjects/module.audit/app/Controllers/Listeners/AuditListenerController.php(36): Uniondrug\Framework\Logics\Logic::factory(Array)
#9 [internal function]: App\Controllers\Listeners\AuditListenerController->autoAction()
#10 /Users/qishengqiang/PhpstormProjects/module.audit/vendor/uniondrug/middleware/src/Middlewares/DispatcherMiddleware.php(54): call_user_func_array(Array, Array)
#11 [internal function]: Uniondrug\Middleware\Middlewares\DispatcherMiddleware->handle(Object(Uniondrug\Framework\Request), Object(Uniondrug\Middleware\Delegate))
#12 /Users/qishengqiang/PhpstormProjects/module.audit/vendor/uniondrug/middleware/src/Middleware.php(34): call_user_func_array(Array, Array)
#13 /Users/qishengqiang/PhpstormProjects/module.audit/vendor/uniondrug/middleware/src/MiddlewareDispatcher.php(89): Uniondrug\Middleware\Middleware->process(Object(Uniondrug\Framework\Request), Object(Uniondrug\Middleware\Delegate))
#14 [internal function]: Uniondrug\Middleware\MiddlewareDispatcher->Uniondrug\Middleware\{closure}(Object(Uniondrug\Framework\Request))
#15 /Users/qishengqiang/PhpstormProjects/module.audit/vendor/uniondrug/middleware/src/Delegate.php(36): call_user_func(Object(Closure), Object(Uniondrug\Framework\Request))
#16 /Users/qishengqiang/PhpstormProjects/module.audit/vendor/uniondrug/middleware/src/Delegate.php(45): Uniondrug\Middleware\Delegate->process(Object(Uniondrug\Framework\Request))
#17 /Users/qishengqiang/PhpstormProjects/module.audit/vendor/uniondrug/middleware/src/Middlewares/PoweredByMiddleware.php(18): Uniondrug\Middleware\Delegate->__invoke(Object(Uniondrug\Framework\Request))
#18 [internal function]: Uniondrug\Middleware\Middlewares\PoweredByMiddleware->handle(Object(Uniondrug\Framework\Request), Object(Uniondrug\Middleware\Delegate))
#19 /Users/qishengqiang/PhpstormProjects/module.audit/vendor/uniondrug/middleware/src/Middleware.php(34): call_user_func_array(Array, Array)
#20 /Users/qishengqiang/PhpstormProjects/module.audit/vendor/uniondrug/middleware/src/MiddlewareDispatcher.php(89): Uniondrug\Middleware\Middleware->process(Object(Uniondrug\Framework\Request), Object(Uniondrug\Middleware\Delegate))
#21 [internal function]: Uniondrug\Middleware\MiddlewareDispatcher->Uniondrug\Middleware\{closure}(Object(Uniondrug\Framework\Request))
#22 /Users/qishengqiang/PhpstormProjects/module.audit/vendor/uniondrug/middleware/src/Delegate.php(36): call_user_func(Object(Closure), Object(Uniondrug\Framework\Request))
#23 /Users/qishengqiang/PhpstormProjects/module.audit/vendor/uniondrug/middleware/src/Delegate.php(45): Uniondrug\Middleware\Delegate->process(Object(Uniondrug\Framework\Request))
#24 /Users/qishengqiang/PhpstormProjects/module.audit/vendor/uniondrug/middleware/src/Middlewares/TraceMiddleware.php(61): Uniondrug\Middleware\Delegate->__invoke(Object(Uniondrug\Framework\Request))
#25 [internal function]: Uniondrug\Middleware\Middlewares\TraceMiddleware->handle(Object(Uniondrug\Framework\Request), Object(Uniondrug\Middleware\Delegate))
#26 /Users/qishengqiang/PhpstormProjects/module.audit/vendor/uniondrug/middleware/src/Middleware.php(34): call_user_func_array(Array, Array)
#27 /Users/qishengqiang/PhpstormProjects/module.audit/vendor/uniondrug/middleware/src/MiddlewareDispatcher.php(89): Uniondrug\Middleware\Middleware->process(Object(Uniondrug\Framework\Request), Object(Uniondrug\Middleware\Delegate))
#28 [internal function]: Uniondrug\Middleware\MiddlewareDispatcher->Uniondrug\Middleware\{closure}(Object(Uniondrug\Framework\Request))
#29 /Users/qishengqiang/PhpstormProjects/module.audit/vendor/uniondrug/middleware/src/Delegate.php(36): call_user_func(Object(Closure), Object(Uniondrug\Framework\Request))
#30 /Users/qishengqiang/PhpstormProjects/module.audit/vendor/uniondrug/middleware/src/Delegate.php(45): Uniondrug\Middleware\Delegate->process(Object(Uniondrug\Framework\Request))
#31 /Users/qishengqiang/PhpstormProjects/module.audit/vendor/uniondrug/middleware/src/Middlewares/FaviconIcoMiddleware.php(29): Uniondrug\Middleware\Delegate->__invoke(Object(Uniondrug\Framework\Request))
#32 [internal function]: Uniondrug\Middleware\Middlewares\FaviconIcoMiddleware->handle(Object(Uniondrug\Framework\Request), Object(Uniondrug\Middleware\Delegate))
#33 /Users/qishengqiang/PhpstormProjects/module.audit/vendor/uniondrug/middleware/src/Middleware.php(34): call_user_func_array(Array, Array)
#34 /Users/qishengqiang/PhpstormProjects/module.audit/vendor/uniondrug/middleware/src/MiddlewareDispatcher.php(89): Uniondrug\Middleware\Middleware->process(Object(Uniondrug\Framework\Request), Object(Uniondrug\Middleware\Delegate))
#35 [internal function]: Uniondrug\Middleware\MiddlewareDispatcher->Uniondrug\Middleware\{closure}(Object(Uniondrug\Framework\Request))
#36 /Users/qishengqiang/PhpstormProjects/module.audit/vendor/uniondrug/middleware/src/Delegate.php(36): call_user_func(Object(Closure), Object(Uniondrug\Framework\Request))
#37 /Users/qishengqiang/PhpstormProjects/module.audit/vendor/uniondrug/middleware/src/Middlewares/CacheMiddleware.php(27): Uniondrug\Middleware\Delegate->process(Object(Uniondrug\Framework\Request))
#38 [internal function]: Uniondrug\Middleware\Middlewares\CacheMiddleware->handle(Object(Uniondrug\Framework\Request), Object(Uniondrug\Middleware\Delegate))
#39 /Users/qishengqiang/PhpstormProjects/module.audit/vendor/uniondrug/middleware/src/Middleware.php(34): call_user_func_array(Array, Array)
#40 /Users/qishengqiang/PhpstormProjects/module.audit/vendor/uniondrug/middleware/src/MiddlewareDispatcher.php(89): Uniondrug\Middleware\Middleware->process(Object(Uniondrug\Framework\Request), Object(Uniondrug\Middleware\Delegate))
#41 [internal function]: Uniondrug\Middleware\MiddlewareDispatcher->Uniondrug\Middleware\{closure}(Object(Uniondrug\Framework\Request))
#42 /Users/qishengqiang/PhpstormProjects/module.audit/vendor/uniondrug/middleware/src/Delegate.php(36): call_user_func(Object(Closure), Object(Uniondrug\Framework\Request))
#43 /Users/qishengqiang/PhpstormProjects/module.audit/vendor/uniondrug/middleware/src/Delegate.php(45): Uniondrug\Middleware\Delegate->process(Object(Uniondrug\Framework\Request))
#44 /Users/qishengqiang/PhpstormProjects/module.audit/vendor/uniondrug/middleware/src/Middlewares/CorsMiddleware.php(17): Uniondrug\Middleware\Delegate->__invoke(Object(Uniondrug\Framework\Request))
#45 [internal function]: Uniondrug\Middleware\Middlewares\CorsMiddleware->handle(Object(Uniondrug\Framework\Request), Object(Uniondrug\Middleware\Delegate))
#46 /Users/qishengqiang/PhpstormProjects/module.audit/vendor/uniondrug/middleware/src/Middleware.php(34): call_user_func_array(Array, Array)
#47 /Users/qishengqiang/PhpstormProjects/module.audit/vendor/uniondrug/middleware/src/MiddlewareDispatcher.php(89): Uniondrug\Middleware\Middleware->process(Object(Uniondrug\Framework\Request), Object(Uniondrug\Middleware\Delegate))
#48 [internal function]: Uniondrug\Middleware\MiddlewareDispatcher->Uniondrug\Middleware\{closure}(Object(Uniondrug\Framework\Request))
#49 /Users/qishengqiang/PhpstormProjects/module.audit/vendor/uniondrug/middleware/src/Delegate.php(36): call_user_func(Object(Closure), Object(Uniondrug\Framework\Request))
#50 /Users/qishengqiang/PhpstormProjects/module.audit/vendor/uniondrug/middleware/src/MiddlewareDispatcher.php(77): Uniondrug\Middleware\Delegate->process(Object(Uniondrug\Framework\Request))
#51 /Users/qishengqiang/PhpstormProjects/module.audit/vendor/uniondrug/middleware/src/Dispatcher.php(64): Uniondrug\Middleware\MiddlewareDispatcher->dispatch(Object(Uniondrug\Framework\Request))
#52 [internal function]: Uniondrug\Middleware\Dispatcher->callActionMethod(Object(App\Controllers\Listeners\AuditListenerController), 'autoAction', Array)
#53 [internal function]: Phalcon\Dispatcher->_dispatch()
#54 [internal function]: Phalcon\Dispatcher->dispatch()
#55 /Users/qishengqiang/PhpstormProjects/module.audit/vendor/uniondrug/framework/src/Container.php(201): Phalcon\Mvc\Application->handle()
#56 /Users/qishengqiang/PhpstormProjects/module.audit/public/index.php(23): Uniondrug\Framework\Container->run('Uniondrug\\Frame...')
#57 {main}
