[Sat, 05 May 18 05:49:26 +0000][ERROR] Too few arguments to function App\Services\UtilService::arraySequence(), 1 passed in /Users/qishengqiang/PhpstormProjects/module.audit/app/Services/Drug/DrugService.php on line 72 and at least 2 expected (0) in /Users/qishengqiang/PhpstormProjects/module.audit/app/Services/UtilService.php:33
Stack trace:
#0 /Users/qishengqiang/PhpstormProjects/module.audit/app/Services/Drug/DrugService.php(72): App\Services\UtilService->arraySequence(Array)
#1 /Users/qishengqiang/PhpstormProjects/module.audit/app/Logics/Audit/AuditLogic.php(31): App\Services\Drug\DrugService->filterDrug(Array)
#2 /Users/qishengqiang/PhpstormProjects/module.audit/vendor/uniondrug/framework/src/Logics/Logic.php(30): App\Logics\Audit\AuditLogic->run(Array)
#3 /Users/qishengqiang/PhpstormProjects/module.audit/app/Controllers/Listeners/AuditListenerController.php(36): Uniondrug\Framework\Logics\Logic::factory(Array)
#4 [internal function]: App\Controllers\Listeners\AuditListenerController->autoAction()
#5 /Users/qishengqiang/PhpstormProjects/module.audit/vendor/uniondrug/middleware/src/Middlewares/DispatcherMiddleware.php(54): call_user_func_array(Array, Array)
#6 [internal function]: Uniondrug\Middleware\Middlewares\DispatcherMiddleware->handle(Object(Uniondrug\Framework\Request), Object(Uniondrug\Middleware\Delegate))
#7 /Users/qishengqiang/PhpstormProjects/module.audit/vendor/uniondrug/middleware/src/Middleware.php(34): call_user_func_array(Array, Array)
#8 /Users/qishengqiang/PhpstormProjects/module.audit/vendor/uniondrug/middleware/src/MiddlewareDispatcher.php(89): Uniondrug\Middleware\Middleware->process(Object(Uniondrug\Framework\Request), Object(Uniondrug\Middleware\Delegate))
#9 [internal function]: Uniondrug\Middleware\MiddlewareDispatcher->Uniondrug\Middleware\{closure}(Object(Uniondrug\Framework\Request))
#10 /Users/qishengqiang/PhpstormProjects/module.audit/vendor/uniondrug/middleware/src/Delegate.php(36): call_user_func(Object(Closure), Object(Uniondrug\Framework\Request))
#11 /Users/qishengqiang/PhpstormProjects/module.audit/vendor/uniondrug/middleware/src/Delegate.php(45): Uniondrug\Middleware\Delegate->process(Object(Uniondrug\Framework\Request))
#12 /Users/qishengqiang/PhpstormProjects/module.audit/vendor/uniondrug/middleware/src/Middlewares/PoweredByMiddleware.php(18): Uniondrug\Middleware\Delegate->__invoke(Object(Uniondrug\Framework\Request))
#13 [internal function]: Uniondrug\Middleware\Middlewares\PoweredByMiddleware->handle(Object(Uniondrug\Framework\Request), Object(Uniondrug\Middleware\Delegate))
#14 /Users/qishengqiang/PhpstormProjects/module.audit/vendor/uniondrug/middleware/src/Middleware.php(34): call_user_func_array(Array, Array)
#15 /Users/qishengqiang/PhpstormProjects/module.audit/vendor/uniondrug/middleware/src/MiddlewareDispatcher.php(89): Uniondrug\Middleware\Middleware->process(Object(Uniondrug\Framework\Request), Object(Uniondrug\Middleware\Delegate))
#16 [internal function]: Uniondrug\Middleware\MiddlewareDispatcher->Uniondrug\Middleware\{closure}(Object(Uniondrug\Framework\Request))
#17 /Users/qishengqiang/PhpstormProjects/module.audit/vendor/uniondrug/middleware/src/Delegate.php(36): call_user_func(Object(Closure), Object(Uniondrug\Framework\Request))
#18 /Users/qishengqiang/PhpstormProjects/module.audit/vendor/uniondrug/middleware/src/Delegate.php(45): Uniondrug\Middleware\Delegate->process(Object(Uniondrug\Framework\Request))
#19 /Users/qishengqiang/PhpstormProjects/module.audit/vendor/uniondrug/middleware/src/Middlewares/TraceMiddleware.php(61): Uniondrug\Middleware\Delegate->__invoke(Object(Uniondrug\Framework\Request))
#20 [internal function]: Uniondrug\Middleware\Middlewares\TraceMiddleware->handle(Object(Uniondrug\Framework\Request), Object(Uniondrug\Middleware\Delegate))
#21 /Users/qishengqiang/PhpstormProjects/module.audit/vendor/uniondrug/middleware/src/Middleware.php(34): call_user_func_array(Array, Array)
#22 /Users/qishengqiang/PhpstormProjects/module.audit/vendor/uniondrug/middleware/src/MiddlewareDispatcher.php(89): Uniondrug\Middleware\Middleware->process(Object(Uniondrug\Framework\Request), Object(Uniondrug\Middleware\Delegate))
#23 [internal function]: Uniondrug\Middleware\MiddlewareDispatcher->Uniondrug\Middleware\{closure}(Object(Uniondrug\Framework\Request))
#24 /Users/qishengqiang/PhpstormProjects/module.audit/vendor/uniondrug/middleware/src/Delegate.php(36): call_user_func(Object(Closure), Object(Uniondrug\Framework\Request))
#25 /Users/qishengqiang/PhpstormProjects/module.audit/vendor/uniondrug/middleware/src/Delegate.php(45): Uniondrug\Middleware\Delegate->process(Object(Uniondrug\Framework\Request))
#26 /Users/qishengqiang/PhpstormProjects/module.audit/vendor/uniondrug/middleware/src/Middlewares/FaviconIcoMiddleware.php(29): Uniondrug\Middleware\Delegate->__invoke(Object(Uniondrug\Framework\Request))
#27 [internal function]: Uniondrug\Middleware\Middlewares\FaviconIcoMiddleware->handle(Object(Uniondrug\Framework\Request), Object(Uniondrug\Middleware\Delegate))
#28 /Users/qishengqiang/PhpstormProjects/module.audit/vendor/uniondrug/middleware/src/Middleware.php(34): call_user_func_array(Array, Array)
#29 /Users/qishengqiang/PhpstormProjects/module.audit/vendor/uniondrug/middleware/src/MiddlewareDispatcher.php(89): Uniondrug\Middleware\Middleware->process(Object(Uniondrug\Framework\Request), Object(Uniondrug\Middleware\Delegate))
#30 [internal function]: Uniondrug\Middleware\MiddlewareDispatcher->Uniondrug\Middleware\{closure}(Object(Uniondrug\Framework\Request))
#31 /Users/qishengqiang/PhpstormProjects/module.audit/vendor/uniondrug/middleware/src/Delegate.php(36): call_user_func(Object(Closure), Object(Uniondrug\Framework\Request))
#32 /Users/qishengqiang/PhpstormProjects/module.audit/vendor/uniondrug/middleware/src/Middlewares/CacheMiddleware.php(27): Uniondrug\Middleware\Delegate->process(Object(Uniondrug\Framework\Request))
#33 [internal function]: Uniondrug\Middleware\Middlewares\CacheMiddleware->handle(Object(Uniondrug\Framework\Request), Object(Uniondrug\Middleware\Delegate))
#34 /Users/qishengqiang/PhpstormProjects/module.audit/vendor/uniondrug/middleware/src/Middleware.php(34): call_user_func_array(Array, Array)
#35 /Users/qishengqiang/PhpstormProjects/module.audit/vendor/uniondrug/middleware/src/MiddlewareDispatcher.php(89): Uniondrug\Middleware\Middleware->process(Object(Uniondrug\Framework\Request), Object(Uniondrug\Middleware\Delegate))
#36 [internal function]: Uniondrug\Middleware\MiddlewareDispatcher->Uniondrug\Middleware\{closure}(Object(Uniondrug\Framework\Request))
#37 /Users/qishengqiang/PhpstormProjects/module.audit/vendor/uniondrug/middleware/src/Delegate.php(36): call_user_func(Object(Closure), Object(Uniondrug\Framework\Request))
#38 /Users/qishengqiang/PhpstormProjects/module.audit/vendor/uniondrug/middleware/src/Delegate.php(45): Uniondrug\Middleware\Delegate->process(Object(Uniondrug\Framework\Request))
#39 /Users/qishengqiang/PhpstormProjects/module.audit/vendor/uniondrug/middleware/src/Middlewares/CorsMiddleware.php(17): Uniondrug\Middleware\Delegate->__invoke(Object(Uniondrug\Framework\Request))
#40 [internal function]: Uniondrug\Middleware\Middlewares\CorsMiddleware->handle(Object(Uniondrug\Framework\Request), Object(Uniondrug\Middleware\Delegate))
#41 /Users/qishengqiang/PhpstormProjects/module.audit/vendor/uniondrug/middleware/src/Middleware.php(34): call_user_func_array(Array, Array)
#42 /Users/qishengqiang/PhpstormProjects/module.audit/vendor/uniondrug/middleware/src/MiddlewareDispatcher.php(89): Uniondrug\Middleware\Middleware->process(Object(Uniondrug\Framework\Request), Object(Uniondrug\Middleware\Delegate))
#43 [internal function]: Uniondrug\Middleware\MiddlewareDispatcher->Uniondrug\Middleware\{closure}(Object(Uniondrug\Framework\Request))
#44 /Users/qishengqiang/PhpstormProjects/module.audit/vendor/uniondrug/middleware/src/Delegate.php(36): call_user_func(Object(Closure), Object(Uniondrug\Framework\Request))
#45 /Users/qishengqiang/PhpstormProjects/module.audit/vendor/uniondrug/middleware/src/MiddlewareDispatcher.php(77): Uniondrug\Middleware\Delegate->process(Object(Uniondrug\Framework\Request))
#46 /Users/qishengqiang/PhpstormProjects/module.audit/vendor/uniondrug/middleware/src/Dispatcher.php(64): Uniondrug\Middleware\MiddlewareDispatcher->dispatch(Object(Uniondrug\Framework\Request))
#47 [internal function]: Uniondrug\Middleware\Dispatcher->callActionMethod(Object(App\Controllers\Listeners\AuditListenerController), 'autoAction', Array)
#48 [internal function]: Phalcon\Dispatcher->_dispatch()
#49 [internal function]: Phalcon\Dispatcher->dispatch()
#50 /Users/qishengqiang/PhpstormProjects/module.audit/vendor/uniondrug/framework/src/Container.php(201): Phalcon\Mvc\Application->handle()
#51 /Users/qishengqiang/PhpstormProjects/module.audit/public/index.php(23): Uniondrug\Framework\Container->run('Uniondrug\\Frame...')
#52 {main}
