[Fri, 04 May 18 10:48:20 +0000][ERROR] Class 'App\Logics\Pool\AuditLogic' not found (0) in /Users/qishengqiang/PhpstormProjects/module.audit/app/Controllers/Listeners/AuditListenerController.php:36
Stack trace:
#0 [internal function]: App\Controllers\Listeners\AuditListenerController->autoAction()
#1 /Users/qishengqiang/PhpstormProjects/module.audit/vendor/uniondrug/middleware/src/Middlewares/DispatcherMiddleware.php(54): call_user_func_array(Array, Array)
#2 [internal function]: Uniondrug\Middleware\Middlewares\DispatcherMiddleware->handle(Object(Uniondrug\Framework\Request), Object(Uniondrug\Middleware\Delegate))
#3 /Users/qishengqiang/PhpstormProjects/module.audit/vendor/uniondrug/middleware/src/Middleware.php(34): call_user_func_array(Array, Array)
#4 /Users/qishengqiang/PhpstormProjects/module.audit/vendor/uniondrug/middleware/src/MiddlewareDispatcher.php(89): Uniondrug\Middleware\Middleware->process(Object(Uniondrug\Framework\Request), Object(Uniondrug\Middleware\Delegate))
#5 [internal function]: Uniondrug\Middleware\MiddlewareDispatcher->Uniondrug\Middleware\{closure}(Object(Uniondrug\Framework\Request))
#6 /Users/qishengqiang/PhpstormProjects/module.audit/vendor/uniondrug/middleware/src/Delegate.php(36): call_user_func(Object(Closure), Object(Uniondrug\Framework\Request))
#7 /Users/qishengqiang/PhpstormProjects/module.audit/vendor/uniondrug/middleware/src/Delegate.php(45): Uniondrug\Middleware\Delegate->process(Object(Uniondrug\Framework\Request))
#8 /Users/qishengqiang/PhpstormProjects/module.audit/vendor/uniondrug/middleware/src/Middlewares/PoweredByMiddleware.php(18): Uniondrug\Middleware\Delegate->__invoke(Object(Uniondrug\Framework\Request))
#9 [internal function]: Uniondrug\Middleware\Middlewares\PoweredByMiddleware->handle(Object(Uniondrug\Framework\Request), Object(Uniondrug\Middleware\Delegate))
#10 /Users/qishengqiang/PhpstormProjects/module.audit/vendor/uniondrug/middleware/src/Middleware.php(34): call_user_func_array(Array, Array)
#11 /Users/qishengqiang/PhpstormProjects/module.audit/vendor/uniondrug/middleware/src/MiddlewareDispatcher.php(89): Uniondrug\Middleware\Middleware->process(Object(Uniondrug\Framework\Request), Object(Uniondrug\Middleware\Delegate))
#12 [internal function]: Uniondrug\Middleware\MiddlewareDispatcher->Uniondrug\Middleware\{closure}(Object(Uniondrug\Framework\Request))
#13 /Users/qishengqiang/PhpstormProjects/module.audit/vendor/uniondrug/middleware/src/Delegate.php(36): call_user_func(Object(Closure), Object(Uniondrug\Framework\Request))
#14 /Users/qishengqiang/PhpstormProjects/module.audit/vendor/uniondrug/middleware/src/Delegate.php(45): Uniondrug\Middleware\Delegate->process(Object(Uniondrug\Framework\Request))
#15 /Users/qishengqiang/PhpstormProjects/module.audit/vendor/uniondrug/middleware/src/Middlewares/TraceMiddleware.php(61): Uniondrug\Middleware\Delegate->__invoke(Object(Uniondrug\Framework\Request))
#16 [internal function]: Uniondrug\Middleware\Middlewares\TraceMiddleware->handle(Object(Uniondrug\Framework\Request), Object(Uniondrug\Middleware\Delegate))
#17 /Users/qishengqiang/PhpstormProjects/module.audit/vendor/uniondrug/middleware/src/Middleware.php(34): call_user_func_array(Array, Array)
#18 /Users/qishengqiang/PhpstormProjects/module.audit/vendor/uniondrug/middleware/src/MiddlewareDispatcher.php(89): Uniondrug\Middleware\Middleware->process(Object(Uniondrug\Framework\Request), Object(Uniondrug\Middleware\Delegate))
#19 [internal function]: Uniondrug\Middleware\MiddlewareDispatcher->Uniondrug\Middleware\{closure}(Object(Uniondrug\Framework\Request))
#20 /Users/qishengqiang/PhpstormProjects/module.audit/vendor/uniondrug/middleware/src/Delegate.php(36): call_user_func(Object(Closure), Object(Uniondrug\Framework\Request))
#21 /Users/qishengqiang/PhpstormProjects/module.audit/vendor/uniondrug/middleware/src/Delegate.php(45): Uniondrug\Middleware\Delegate->process(Object(Uniondrug\Framework\Request))
#22 /Users/qishengqiang/PhpstormProjects/module.audit/vendor/uniondrug/middleware/src/Middlewares/FaviconIcoMiddleware.php(29): Uniondrug\Middleware\Delegate->__invoke(Object(Uniondrug\Framework\Request))
#23 [internal function]: Uniondrug\Middleware\Middlewares\FaviconIcoMiddleware->handle(Object(Uniondrug\Framework\Request), Object(Uniondrug\Middleware\Delegate))
#24 /Users/qishengqiang/PhpstormProjects/module.audit/vendor/uniondrug/middleware/src/Middleware.php(34): call_user_func_array(Array, Array)
#25 /Users/qishengqiang/PhpstormProjects/module.audit/vendor/uniondrug/middleware/src/MiddlewareDispatcher.php(89): Uniondrug\Middleware\Middleware->process(Object(Uniondrug\Framework\Request), Object(Uniondrug\Middleware\Delegate))
#26 [internal function]: Uniondrug\Middleware\MiddlewareDispatcher->Uniondrug\Middleware\{closure}(Object(Uniondrug\Framework\Request))
#27 /Users/qishengqiang/PhpstormProjects/module.audit/vendor/uniondrug/middleware/src/Delegate.php(36): call_user_func(Object(Closure), Object(Uniondrug\Framework\Request))
#28 /Users/qishengqiang/PhpstormProjects/module.audit/vendor/uniondrug/middleware/src/Middlewares/CacheMiddleware.php(27): Uniondrug\Middleware\Delegate->process(Object(Uniondrug\Framework\Request))
#29 [internal function]: Uniondrug\Middleware\Middlewares\CacheMiddleware->handle(Object(Uniondrug\Framework\Request), Object(Uniondrug\Middleware\Delegate))
#30 /Users/qishengqiang/PhpstormProjects/module.audit/vendor/uniondrug/middleware/src/Middleware.php(34): call_user_func_array(Array, Array)
#31 /Users/qishengqiang/PhpstormProjects/module.audit/vendor/uniondrug/middleware/src/MiddlewareDispatcher.php(89): Uniondrug\Middleware\Middleware->process(Object(Uniondrug\Framework\Request), Object(Uniondrug\Middleware\Delegate))
#32 [internal function]: Uniondrug\Middleware\MiddlewareDispatcher->Uniondrug\Middleware\{closure}(Object(Uniondrug\Framework\Request))
#33 /Users/qishengqiang/PhpstormProjects/module.audit/vendor/uniondrug/middleware/src/Delegate.php(36): call_user_func(Object(Closure), Object(Uniondrug\Framework\Request))
#34 /Users/qishengqiang/PhpstormProjects/module.audit/vendor/uniondrug/middleware/src/Delegate.php(45): Uniondrug\Middleware\Delegate->process(Object(Uniondrug\Framework\Request))
#35 /Users/qishengqiang/PhpstormProjects/module.audit/vendor/uniondrug/middleware/src/Middlewares/CorsMiddleware.php(17): Uniondrug\Middleware\Delegate->__invoke(Object(Uniondrug\Framework\Request))
#36 [internal function]: Uniondrug\Middleware\Middlewares\CorsMiddleware->handle(Object(Uniondrug\Framework\Request), Object(Uniondrug\Middleware\Delegate))
#37 /Users/qishengqiang/PhpstormProjects/module.audit/vendor/uniondrug/middleware/src/Middleware.php(34): call_user_func_array(Array, Array)
#38 /Users/qishengqiang/PhpstormProjects/module.audit/vendor/uniondrug/middleware/src/MiddlewareDispatcher.php(89): Uniondrug\Middleware\Middleware->process(Object(Uniondrug\Framework\Request), Object(Uniondrug\Middleware\Delegate))
#39 [internal function]: Uniondrug\Middleware\MiddlewareDispatcher->Uniondrug\Middleware\{closure}(Object(Uniondrug\Framework\Request))
#40 /Users/qishengqiang/PhpstormProjects/module.audit/vendor/uniondrug/middleware/src/Delegate.php(36): call_user_func(Object(Closure), Object(Uniondrug\Framework\Request))
#41 /Users/qishengqiang/PhpstormProjects/module.audit/vendor/uniondrug/middleware/src/MiddlewareDispatcher.php(77): Uniondrug\Middleware\Delegate->process(Object(Uniondrug\Framework\Request))
#42 /Users/qishengqiang/PhpstormProjects/module.audit/vendor/uniondrug/middleware/src/Dispatcher.php(64): Uniondrug\Middleware\MiddlewareDispatcher->dispatch(Object(Uniondrug\Framework\Request))
#43 [internal function]: Uniondrug\Middleware\Dispatcher->callActionMethod(Object(App\Controllers\Listeners\AuditListenerController), 'autoAction', Array)
#44 [internal function]: Phalcon\Dispatcher->_dispatch()
#45 [internal function]: Phalcon\Dispatcher->dispatch()
#46 /Users/qishengqiang/PhpstormProjects/module.audit/vendor/uniondrug/framework/src/Container.php(201): Phalcon\Mvc\Application->handle()
#47 /Users/qishengqiang/PhpstormProjects/module.audit/public/index.php(23): Uniondrug\Framework\Container->run('Uniondrug\\Frame...')
#48 {main}
[Fri, 04 May 18 10:48:51 +0000][ERROR] Class 'App\Logics\Pool\AuditLogic' not found (0) in /Users/qishengqiang/PhpstormProjects/module.audit/app/Controllers/Listeners/AuditListenerController.php:36
Stack trace:
#0 [internal function]: App\Controllers\Listeners\AuditListenerController->autoAction()
#1 /Users/qishengqiang/PhpstormProjects/module.audit/vendor/uniondrug/middleware/src/Middlewares/DispatcherMiddleware.php(54): call_user_func_array(Array, Array)
#2 [internal function]: Uniondrug\Middleware\Middlewares\DispatcherMiddleware->handle(Object(Uniondrug\Framework\Request), Object(Uniondrug\Middleware\Delegate))
#3 /Users/qishengqiang/PhpstormProjects/module.audit/vendor/uniondrug/middleware/src/Middleware.php(34): call_user_func_array(Array, Array)
#4 /Users/qishengqiang/PhpstormProjects/module.audit/vendor/uniondrug/middleware/src/MiddlewareDispatcher.php(89): Uniondrug\Middleware\Middleware->process(Object(Uniondrug\Framework\Request), Object(Uniondrug\Middleware\Delegate))
#5 [internal function]: Uniondrug\Middleware\MiddlewareDispatcher->Uniondrug\Middleware\{closure}(Object(Uniondrug\Framework\Request))
#6 /Users/qishengqiang/PhpstormProjects/module.audit/vendor/uniondrug/middleware/src/Delegate.php(36): call_user_func(Object(Closure), Object(Uniondrug\Framework\Request))
#7 /Users/qishengqiang/PhpstormProjects/module.audit/vendor/uniondrug/middleware/src/Delegate.php(45): Uniondrug\Middleware\Delegate->process(Object(Uniondrug\Framework\Request))
#8 /Users/qishengqiang/PhpstormProjects/module.audit/vendor/uniondrug/middleware/src/Middlewares/PoweredByMiddleware.php(18): Uniondrug\Middleware\Delegate->__invoke(Object(Uniondrug\Framework\Request))
#9 [internal function]: Uniondrug\Middleware\Middlewares\PoweredByMiddleware->handle(Object(Uniondrug\Framework\Request), Object(Uniondrug\Middleware\Delegate))
#10 /Users/qishengqiang/PhpstormProjects/module.audit/vendor/uniondrug/middleware/src/Middleware.php(34): call_user_func_array(Array, Array)
#11 /Users/qishengqiang/PhpstormProjects/module.audit/vendor/uniondrug/middleware/src/MiddlewareDispatcher.php(89): Uniondrug\Middleware\Middleware->process(Object(Uniondrug\Framework\Request), Object(Uniondrug\Middleware\Delegate))
#12 [internal function]: Uniondrug\Middleware\MiddlewareDispatcher->Uniondrug\Middleware\{closure}(Object(Uniondrug\Framework\Request))
#13 /Users/qishengqiang/PhpstormProjects/module.audit/vendor/uniondrug/middleware/src/Delegate.php(36): call_user_func(Object(Closure), Object(Uniondrug\Framework\Request))
#14 /Users/qishengqiang/PhpstormProjects/module.audit/vendor/uniondrug/middleware/src/Delegate.php(45): Uniondrug\Middleware\Delegate->process(Object(Uniondrug\Framework\Request))
#15 /Users/qishengqiang/PhpstormProjects/module.audit/vendor/uniondrug/middleware/src/Middlewares/TraceMiddleware.php(61): Uniondrug\Middleware\Delegate->__invoke(Object(Uniondrug\Framework\Request))
#16 [internal function]: Uniondrug\Middleware\Middlewares\TraceMiddleware->handle(Object(Uniondrug\Framework\Request), Object(Uniondrug\Middleware\Delegate))
#17 /Users/qishengqiang/PhpstormProjects/module.audit/vendor/uniondrug/middleware/src/Middleware.php(34): call_user_func_array(Array, Array)
#18 /Users/qishengqiang/PhpstormProjects/module.audit/vendor/uniondrug/middleware/src/MiddlewareDispatcher.php(89): Uniondrug\Middleware\Middleware->process(Object(Uniondrug\Framework\Request), Object(Uniondrug\Middleware\Delegate))
#19 [internal function]: Uniondrug\Middleware\MiddlewareDispatcher->Uniondrug\Middleware\{closure}(Object(Uniondrug\Framework\Request))
#20 /Users/qishengqiang/PhpstormProjects/module.audit/vendor/uniondrug/middleware/src/Delegate.php(36): call_user_func(Object(Closure), Object(Uniondrug\Framework\Request))
#21 /Users/qishengqiang/PhpstormProjects/module.audit/vendor/uniondrug/middleware/src/Delegate.php(45): Uniondrug\Middleware\Delegate->process(Object(Uniondrug\Framework\Request))
#22 /Users/qishengqiang/PhpstormProjects/module.audit/vendor/uniondrug/middleware/src/Middlewares/FaviconIcoMiddleware.php(29): Uniondrug\Middleware\Delegate->__invoke(Object(Uniondrug\Framework\Request))
#23 [internal function]: Uniondrug\Middleware\Middlewares\FaviconIcoMiddleware->handle(Object(Uniondrug\Framework\Request), Object(Uniondrug\Middleware\Delegate))
#24 /Users/qishengqiang/PhpstormProjects/module.audit/vendor/uniondrug/middleware/src/Middleware.php(34): call_user_func_array(Array, Array)
#25 /Users/qishengqiang/PhpstormProjects/module.audit/vendor/uniondrug/middleware/src/MiddlewareDispatcher.php(89): Uniondrug\Middleware\Middleware->process(Object(Uniondrug\Framework\Request), Object(Uniondrug\Middleware\Delegate))
#26 [internal function]: Uniondrug\Middleware\MiddlewareDispatcher->Uniondrug\Middleware\{closure}(Object(Uniondrug\Framework\Request))
#27 /Users/qishengqiang/PhpstormProjects/module.audit/vendor/uniondrug/middleware/src/Delegate.php(36): call_user_func(Object(Closure), Object(Uniondrug\Framework\Request))
#28 /Users/qishengqiang/PhpstormProjects/module.audit/vendor/uniondrug/middleware/src/Middlewares/CacheMiddleware.php(27): Uniondrug\Middleware\Delegate->process(Object(Uniondrug\Framework\Request))
#29 [internal function]: Uniondrug\Middleware\Middlewares\CacheMiddleware->handle(Object(Uniondrug\Framework\Request), Object(Uniondrug\Middleware\Delegate))
#30 /Users/qishengqiang/PhpstormProjects/module.audit/vendor/uniondrug/middleware/src/Middleware.php(34): call_user_func_array(Array, Array)
#31 /Users/qishengqiang/PhpstormProjects/module.audit/vendor/uniondrug/middleware/src/MiddlewareDispatcher.php(89): Uniondrug\Middleware\Middleware->process(Object(Uniondrug\Framework\Request), Object(Uniondrug\Middleware\Delegate))
#32 [internal function]: Uniondrug\Middleware\MiddlewareDispatcher->Uniondrug\Middleware\{closure}(Object(Uniondrug\Framework\Request))
#33 /Users/qishengqiang/PhpstormProjects/module.audit/vendor/uniondrug/middleware/src/Delegate.php(36): call_user_func(Object(Closure), Object(Uniondrug\Framework\Request))
#34 /Users/qishengqiang/PhpstormProjects/module.audit/vendor/uniondrug/middleware/src/Delegate.php(45): Uniondrug\Middleware\Delegate->process(Object(Uniondrug\Framework\Request))
#35 /Users/qishengqiang/PhpstormProjects/module.audit/vendor/uniondrug/middleware/src/Middlewares/CorsMiddleware.php(17): Uniondrug\Middleware\Delegate->__invoke(Object(Uniondrug\Framework\Request))
#36 [internal function]: Uniondrug\Middleware\Middlewares\CorsMiddleware->handle(Object(Uniondrug\Framework\Request), Object(Uniondrug\Middleware\Delegate))
#37 /Users/qishengqiang/PhpstormProjects/module.audit/vendor/uniondrug/middleware/src/Middleware.php(34): call_user_func_array(Array, Array)
#38 /Users/qishengqiang/PhpstormProjects/module.audit/vendor/uniondrug/middleware/src/MiddlewareDispatcher.php(89): Uniondrug\Middleware\Middleware->process(Object(Uniondrug\Framework\Request), Object(Uniondrug\Middleware\Delegate))
#39 [internal function]: Uniondrug\Middleware\MiddlewareDispatcher->Uniondrug\Middleware\{closure}(Object(Uniondrug\Framework\Request))
#40 /Users/qishengqiang/PhpstormProjects/module.audit/vendor/uniondrug/middleware/src/Delegate.php(36): call_user_func(Object(Closure), Object(Uniondrug\Framework\Request))
#41 /Users/qishengqiang/PhpstormProjects/module.audit/vendor/uniondrug/middleware/src/MiddlewareDispatcher.php(77): Uniondrug\Middleware\Delegate->process(Object(Uniondrug\Framework\Request))
#42 /Users/qishengqiang/PhpstormProjects/module.audit/vendor/uniondrug/middleware/src/Dispatcher.php(64): Uniondrug\Middleware\MiddlewareDispatcher->dispatch(Object(Uniondrug\Framework\Request))
#43 [internal function]: Uniondrug\Middleware\Dispatcher->callActionMethod(Object(App\Controllers\Listeners\AuditListenerController), 'autoAction', Array)
#44 [internal function]: Phalcon\Dispatcher->_dispatch()
#45 [internal function]: Phalcon\Dispatcher->dispatch()
#46 /Users/qishengqiang/PhpstormProjects/module.audit/vendor/uniondrug/framework/src/Container.php(201): Phalcon\Mvc\Application->handle()
#47 /Users/qishengqiang/PhpstormProjects/module.audit/public/index.php(23): Uniondrug\Framework\Container->run('Uniondrug\\Frame...')
#48 {main}
[Fri, 04 May 18 10:49:08 +0000][ERROR] Class 'App\Structs\Requests\Example\AuditStruct' not found (0) in /Users/qishengqiang/PhpstormProjects/module.audit/app/Logics/Audit/AuditLogic.php:22
Stack trace:
#0 /Users/qishengqiang/PhpstormProjects/module.audit/vendor/uniondrug/framework/src/Logics/Logic.php(30): App\Logics\Audit\AuditLogic->run(Array)
#1 /Users/qishengqiang/PhpstormProjects/module.audit/app/Controllers/Listeners/AuditListenerController.php(36): Uniondrug\Framework\Logics\Logic::factory(Array)
#2 [internal function]: App\Controllers\Listeners\AuditListenerController->autoAction()
#3 /Users/qishengqiang/PhpstormProjects/module.audit/vendor/uniondrug/middleware/src/Middlewares/DispatcherMiddleware.php(54): call_user_func_array(Array, Array)
#4 [internal function]: Uniondrug\Middleware\Middlewares\DispatcherMiddleware->handle(Object(Uniondrug\Framework\Request), Object(Uniondrug\Middleware\Delegate))
#5 /Users/qishengqiang/PhpstormProjects/module.audit/vendor/uniondrug/middleware/src/Middleware.php(34): call_user_func_array(Array, Array)
#6 /Users/qishengqiang/PhpstormProjects/module.audit/vendor/uniondrug/middleware/src/MiddlewareDispatcher.php(89): Uniondrug\Middleware\Middleware->process(Object(Uniondrug\Framework\Request), Object(Uniondrug\Middleware\Delegate))
#7 [internal function]: Uniondrug\Middleware\MiddlewareDispatcher->Uniondrug\Middleware\{closure}(Object(Uniondrug\Framework\Request))
#8 /Users/qishengqiang/PhpstormProjects/module.audit/vendor/uniondrug/middleware/src/Delegate.php(36): call_user_func(Object(Closure), Object(Uniondrug\Framework\Request))
#9 /Users/qishengqiang/PhpstormProjects/module.audit/vendor/uniondrug/middleware/src/Delegate.php(45): Uniondrug\Middleware\Delegate->process(Object(Uniondrug\Framework\Request))
#10 /Users/qishengqiang/PhpstormProjects/module.audit/vendor/uniondrug/middleware/src/Middlewares/PoweredByMiddleware.php(18): Uniondrug\Middleware\Delegate->__invoke(Object(Uniondrug\Framework\Request))
#11 [internal function]: Uniondrug\Middleware\Middlewares\PoweredByMiddleware->handle(Object(Uniondrug\Framework\Request), Object(Uniondrug\Middleware\Delegate))
#12 /Users/qishengqiang/PhpstormProjects/module.audit/vendor/uniondrug/middleware/src/Middleware.php(34): call_user_func_array(Array, Array)
#13 /Users/qishengqiang/PhpstormProjects/module.audit/vendor/uniondrug/middleware/src/MiddlewareDispatcher.php(89): Uniondrug\Middleware\Middleware->process(Object(Uniondrug\Framework\Request), Object(Uniondrug\Middleware\Delegate))
#14 [internal function]: Uniondrug\Middleware\MiddlewareDispatcher->Uniondrug\Middleware\{closure}(Object(Uniondrug\Framework\Request))
#15 /Users/qishengqiang/PhpstormProjects/module.audit/vendor/uniondrug/middleware/src/Delegate.php(36): call_user_func(Object(Closure), Object(Uniondrug\Framework\Request))
#16 /Users/qishengqiang/PhpstormProjects/module.audit/vendor/uniondrug/middleware/src/Delegate.php(45): Uniondrug\Middleware\Delegate->process(Object(Uniondrug\Framework\Request))
#17 /Users/qishengqiang/PhpstormProjects/module.audit/vendor/uniondrug/middleware/src/Middlewares/TraceMiddleware.php(61): Uniondrug\Middleware\Delegate->__invoke(Object(Uniondrug\Framework\Request))
#18 [internal function]: Uniondrug\Middleware\Middlewares\TraceMiddleware->handle(Object(Uniondrug\Framework\Request), Object(Uniondrug\Middleware\Delegate))
#19 /Users/qishengqiang/PhpstormProjects/module.audit/vendor/uniondrug/middleware/src/Middleware.php(34): call_user_func_array(Array, Array)
#20 /Users/qishengqiang/PhpstormProjects/module.audit/vendor/uniondrug/middleware/src/MiddlewareDispatcher.php(89): Uniondrug\Middleware\Middleware->process(Object(Uniondrug\Framework\Request), Object(Uniondrug\Middleware\Delegate))
#21 [internal function]: Uniondrug\Middleware\MiddlewareDispatcher->Uniondrug\Middleware\{closure}(Object(Uniondrug\Framework\Request))
#22 /Users/qishengqiang/PhpstormProjects/module.audit/vendor/uniondrug/middleware/src/Delegate.php(36): call_user_func(Object(Closure), Object(Uniondrug\Framework\Request))
#23 /Users/qishengqiang/PhpstormProjects/module.audit/vendor/uniondrug/middleware/src/Delegate.php(45): Uniondrug\Middleware\Delegate->process(Object(Uniondrug\Framework\Request))
#24 /Users/qishengqiang/PhpstormProjects/module.audit/vendor/uniondrug/middleware/src/Middlewares/FaviconIcoMiddleware.php(29): Uniondrug\Middleware\Delegate->__invoke(Object(Uniondrug\Framework\Request))
#25 [internal function]: Uniondrug\Middleware\Middlewares\FaviconIcoMiddleware->handle(Object(Uniondrug\Framework\Request), Object(Uniondrug\Middleware\Delegate))
#26 /Users/qishengqiang/PhpstormProjects/module.audit/vendor/uniondrug/middleware/src/Middleware.php(34): call_user_func_array(Array, Array)
#27 /Users/qishengqiang/PhpstormProjects/module.audit/vendor/uniondrug/middleware/src/MiddlewareDispatcher.php(89): Uniondrug\Middleware\Middleware->process(Object(Uniondrug\Framework\Request), Object(Uniondrug\Middleware\Delegate))
#28 [internal function]: Uniondrug\Middleware\MiddlewareDispatcher->Uniondrug\Middleware\{closure}(Object(Uniondrug\Framework\Request))
#29 /Users/qishengqiang/PhpstormProjects/module.audit/vendor/uniondrug/middleware/src/Delegate.php(36): call_user_func(Object(Closure), Object(Uniondrug\Framework\Request))
#30 /Users/qishengqiang/PhpstormProjects/module.audit/vendor/uniondrug/middleware/src/Middlewares/CacheMiddleware.php(27): Uniondrug\Middleware\Delegate->process(Object(Uniondrug\Framework\Request))
#31 [internal function]: Uniondrug\Middleware\Middlewares\CacheMiddleware->handle(Object(Uniondrug\Framework\Request), Object(Uniondrug\Middleware\Delegate))
#32 /Users/qishengqiang/PhpstormProjects/module.audit/vendor/uniondrug/middleware/src/Middleware.php(34): call_user_func_array(Array, Array)
#33 /Users/qishengqiang/PhpstormProjects/module.audit/vendor/uniondrug/middleware/src/MiddlewareDispatcher.php(89): Uniondrug\Middleware\Middleware->process(Object(Uniondrug\Framework\Request), Object(Uniondrug\Middleware\Delegate))
#34 [internal function]: Uniondrug\Middleware\MiddlewareDispatcher->Uniondrug\Middleware\{closure}(Object(Uniondrug\Framework\Request))
#35 /Users/qishengqiang/PhpstormProjects/module.audit/vendor/uniondrug/middleware/src/Delegate.php(36): call_user_func(Object(Closure), Object(Uniondrug\Framework\Request))
#36 /Users/qishengqiang/PhpstormProjects/module.audit/vendor/uniondrug/middleware/src/Delegate.php(45): Uniondrug\Middleware\Delegate->process(Object(Uniondrug\Framework\Request))
#37 /Users/qishengqiang/PhpstormProjects/module.audit/vendor/uniondrug/middleware/src/Middlewares/CorsMiddleware.php(17): Uniondrug\Middleware\Delegate->__invoke(Object(Uniondrug\Framework\Request))
#38 [internal function]: Uniondrug\Middleware\Middlewares\CorsMiddleware->handle(Object(Uniondrug\Framework\Request), Object(Uniondrug\Middleware\Delegate))
#39 /Users/qishengqiang/PhpstormProjects/module.audit/vendor/uniondrug/middleware/src/Middleware.php(34): call_user_func_array(Array, Array)
#40 /Users/qishengqiang/PhpstormProjects/module.audit/vendor/uniondrug/middleware/src/MiddlewareDispatcher.php(89): Uniondrug\Middleware\Middleware->process(Object(Uniondrug\Framework\Request), Object(Uniondrug\Middleware\Delegate))
#41 [internal function]: Uniondrug\Middleware\MiddlewareDispatcher->Uniondrug\Middleware\{closure}(Object(Uniondrug\Framework\Request))
#42 /Users/qishengqiang/PhpstormProjects/module.audit/vendor/uniondrug/middleware/src/Delegate.php(36): call_user_func(Object(Closure), Object(Uniondrug\Framework\Request))
#43 /Users/qishengqiang/PhpstormProjects/module.audit/vendor/uniondrug/middleware/src/MiddlewareDispatcher.php(77): Uniondrug\Middleware\Delegate->process(Object(Uniondrug\Framework\Request))
#44 /Users/qishengqiang/PhpstormProjects/module.audit/vendor/uniondrug/middleware/src/Dispatcher.php(64): Uniondrug\Middleware\MiddlewareDispatcher->dispatch(Object(Uniondrug\Framework\Request))
#45 [internal function]: Uniondrug\Middleware\Dispatcher->callActionMethod(Object(App\Controllers\Listeners\AuditListenerController), 'autoAction', Array)
#46 [internal function]: Phalcon\Dispatcher->_dispatch()
#47 [internal function]: Phalcon\Dispatcher->dispatch()
#48 /Users/qishengqiang/PhpstormProjects/module.audit/vendor/uniondrug/framework/src/Container.php(201): Phalcon\Mvc\Application->handle()
#49 /Users/qishengqiang/PhpstormProjects/module.audit/public/index.php(23): Uniondrug\Framework\Container->run('Uniondrug\\Frame...')
#50 {main}
[Fri, 04 May 18 10:54:20 +0000][ERROR] Call to undefined method App\Services\Audit\AuditService::getOrderDetail() (0) in /Users/qishengqiang/PhpstormProjects/module.audit/app/Logics/Audit/AuditLogic.php:25
Stack trace:
#0 /Users/qishengqiang/PhpstormProjects/module.audit/vendor/uniondrug/framework/src/Logics/Logic.php(30): App\Logics\Audit\AuditLogic->run(Array)
#1 /Users/qishengqiang/PhpstormProjects/module.audit/app/Controllers/Listeners/AuditListenerController.php(36): Uniondrug\Framework\Logics\Logic::factory(Array)
#2 [internal function]: App\Controllers\Listeners\AuditListenerController->autoAction()
#3 /Users/qishengqiang/PhpstormProjects/module.audit/vendor/uniondrug/middleware/src/Middlewares/DispatcherMiddleware.php(54): call_user_func_array(Array, Array)
#4 [internal function]: Uniondrug\Middleware\Middlewares\DispatcherMiddleware->handle(Object(Uniondrug\Framework\Request), Object(Uniondrug\Middleware\Delegate))
#5 /Users/qishengqiang/PhpstormProjects/module.audit/vendor/uniondrug/middleware/src/Middleware.php(34): call_user_func_array(Array, Array)
#6 /Users/qishengqiang/PhpstormProjects/module.audit/vendor/uniondrug/middleware/src/MiddlewareDispatcher.php(89): Uniondrug\Middleware\Middleware->process(Object(Uniondrug\Framework\Request), Object(Uniondrug\Middleware\Delegate))
#7 [internal function]: Uniondrug\Middleware\MiddlewareDispatcher->Uniondrug\Middleware\{closure}(Object(Uniondrug\Framework\Request))
#8 /Users/qishengqiang/PhpstormProjects/module.audit/vendor/uniondrug/middleware/src/Delegate.php(36): call_user_func(Object(Closure), Object(Uniondrug\Framework\Request))
#9 /Users/qishengqiang/PhpstormProjects/module.audit/vendor/uniondrug/middleware/src/Delegate.php(45): Uniondrug\Middleware\Delegate->process(Object(Uniondrug\Framework\Request))
#10 /Users/qishengqiang/PhpstormProjects/module.audit/vendor/uniondrug/middleware/src/Middlewares/PoweredByMiddleware.php(18): Uniondrug\Middleware\Delegate->__invoke(Object(Uniondrug\Framework\Request))
#11 [internal function]: Uniondrug\Middleware\Middlewares\PoweredByMiddleware->handle(Object(Uniondrug\Framework\Request), Object(Uniondrug\Middleware\Delegate))
#12 /Users/qishengqiang/PhpstormProjects/module.audit/vendor/uniondrug/middleware/src/Middleware.php(34): call_user_func_array(Array, Array)
#13 /Users/qishengqiang/PhpstormProjects/module.audit/vendor/uniondrug/middleware/src/MiddlewareDispatcher.php(89): Uniondrug\Middleware\Middleware->process(Object(Uniondrug\Framework\Request), Object(Uniondrug\Middleware\Delegate))
#14 [internal function]: Uniondrug\Middleware\MiddlewareDispatcher->Uniondrug\Middleware\{closure}(Object(Uniondrug\Framework\Request))
#15 /Users/qishengqiang/PhpstormProjects/module.audit/vendor/uniondrug/middleware/src/Delegate.php(36): call_user_func(Object(Closure), Object(Uniondrug\Framework\Request))
#16 /Users/qishengqiang/PhpstormProjects/module.audit/vendor/uniondrug/middleware/src/Delegate.php(45): Uniondrug\Middleware\Delegate->process(Object(Uniondrug\Framework\Request))
#17 /Users/qishengqiang/PhpstormProjects/module.audit/vendor/uniondrug/middleware/src/Middlewares/TraceMiddleware.php(61): Uniondrug\Middleware\Delegate->__invoke(Object(Uniondrug\Framework\Request))
#18 [internal function]: Uniondrug\Middleware\Middlewares\TraceMiddleware->handle(Object(Uniondrug\Framework\Request), Object(Uniondrug\Middleware\Delegate))
#19 /Users/qishengqiang/PhpstormProjects/module.audit/vendor/uniondrug/middleware/src/Middleware.php(34): call_user_func_array(Array, Array)
#20 /Users/qishengqiang/PhpstormProjects/module.audit/vendor/uniondrug/middleware/src/MiddlewareDispatcher.php(89): Uniondrug\Middleware\Middleware->process(Object(Uniondrug\Framework\Request), Object(Uniondrug\Middleware\Delegate))
#21 [internal function]: Uniondrug\Middleware\MiddlewareDispatcher->Uniondrug\Middleware\{closure}(Object(Uniondrug\Framework\Request))
#22 /Users/qishengqiang/PhpstormProjects/module.audit/vendor/uniondrug/middleware/src/Delegate.php(36): call_user_func(Object(Closure), Object(Uniondrug\Framework\Request))
#23 /Users/qishengqiang/PhpstormProjects/module.audit/vendor/uniondrug/middleware/src/Delegate.php(45): Uniondrug\Middleware\Delegate->process(Object(Uniondrug\Framework\Request))
#24 /Users/qishengqiang/PhpstormProjects/module.audit/vendor/uniondrug/middleware/src/Middlewares/FaviconIcoMiddleware.php(29): Uniondrug\Middleware\Delegate->__invoke(Object(Uniondrug\Framework\Request))
#25 [internal function]: Uniondrug\Middleware\Middlewares\FaviconIcoMiddleware->handle(Object(Uniondrug\Framework\Request), Object(Uniondrug\Middleware\Delegate))
#26 /Users/qishengqiang/PhpstormProjects/module.audit/vendor/uniondrug/middleware/src/Middleware.php(34): call_user_func_array(Array, Array)
#27 /Users/qishengqiang/PhpstormProjects/module.audit/vendor/uniondrug/middleware/src/MiddlewareDispatcher.php(89): Uniondrug\Middleware\Middleware->process(Object(Uniondrug\Framework\Request), Object(Uniondrug\Middleware\Delegate))
#28 [internal function]: Uniondrug\Middleware\MiddlewareDispatcher->Uniondrug\Middleware\{closure}(Object(Uniondrug\Framework\Request))
#29 /Users/qishengqiang/PhpstormProjects/module.audit/vendor/uniondrug/middleware/src/Delegate.php(36): call_user_func(Object(Closure), Object(Uniondrug\Framework\Request))
#30 /Users/qishengqiang/PhpstormProjects/module.audit/vendor/uniondrug/middleware/src/Middlewares/CacheMiddleware.php(27): Uniondrug\Middleware\Delegate->process(Object(Uniondrug\Framework\Request))
#31 [internal function]: Uniondrug\Middleware\Middlewares\CacheMiddleware->handle(Object(Uniondrug\Framework\Request), Object(Uniondrug\Middleware\Delegate))
#32 /Users/qishengqiang/PhpstormProjects/module.audit/vendor/uniondrug/middleware/src/Middleware.php(34): call_user_func_array(Array, Array)
#33 /Users/qishengqiang/PhpstormProjects/module.audit/vendor/uniondrug/middleware/src/MiddlewareDispatcher.php(89): Uniondrug\Middleware\Middleware->process(Object(Uniondrug\Framework\Request), Object(Uniondrug\Middleware\Delegate))
#34 [internal function]: Uniondrug\Middleware\MiddlewareDispatcher->Uniondrug\Middleware\{closure}(Object(Uniondrug\Framework\Request))
#35 /Users/qishengqiang/PhpstormProjects/module.audit/vendor/uniondrug/middleware/src/Delegate.php(36): call_user_func(Object(Closure), Object(Uniondrug\Framework\Request))
#36 /Users/qishengqiang/PhpstormProjects/module.audit/vendor/uniondrug/middleware/src/Delegate.php(45): Uniondrug\Middleware\Delegate->process(Object(Uniondrug\Framework\Request))
#37 /Users/qishengqiang/PhpstormProjects/module.audit/vendor/uniondrug/middleware/src/Middlewares/CorsMiddleware.php(17): Uniondrug\Middleware\Delegate->__invoke(Object(Uniondrug\Framework\Request))
#38 [internal function]: Uniondrug\Middleware\Middlewares\CorsMiddleware->handle(Object(Uniondrug\Framework\Request), Object(Uniondrug\Middleware\Delegate))
#39 /Users/qishengqiang/PhpstormProjects/module.audit/vendor/uniondrug/middleware/src/Middleware.php(34): call_user_func_array(Array, Array)
#40 /Users/qishengqiang/PhpstormProjects/module.audit/vendor/uniondrug/middleware/src/MiddlewareDispatcher.php(89): Uniondrug\Middleware\Middleware->process(Object(Uniondrug\Framework\Request), Object(Uniondrug\Middleware\Delegate))
#41 [internal function]: Uniondrug\Middleware\MiddlewareDispatcher->Uniondrug\Middleware\{closure}(Object(Uniondrug\Framework\Request))
#42 /Users/qishengqiang/PhpstormProjects/module.audit/vendor/uniondrug/middleware/src/Delegate.php(36): call_user_func(Object(Closure), Object(Uniondrug\Framework\Request))
#43 /Users/qishengqiang/PhpstormProjects/module.audit/vendor/uniondrug/middleware/src/MiddlewareDispatcher.php(77): Uniondrug\Middleware\Delegate->process(Object(Uniondrug\Framework\Request))
#44 /Users/qishengqiang/PhpstormProjects/module.audit/vendor/uniondrug/middleware/src/Dispatcher.php(64): Uniondrug\Middleware\MiddlewareDispatcher->dispatch(Object(Uniondrug\Framework\Request))
#45 [internal function]: Uniondrug\Middleware\Dispatcher->callActionMethod(Object(App\Controllers\Listeners\AuditListenerController), 'autoAction', Array)
#46 [internal function]: Phalcon\Dispatcher->_dispatch()
#47 [internal function]: Phalcon\Dispatcher->dispatch()
#48 /Users/qishengqiang/PhpstormProjects/module.audit/vendor/uniondrug/framework/src/Container.php(201): Phalcon\Mvc\Application->handle()
#49 /Users/qishengqiang/PhpstormProjects/module.audit/public/index.php(23): Uniondrug\Framework\Container->run('Uniondrug\\Frame...')
#50 {main}
[Fri, 04 May 18 11:00:06 +0000][ERROR] Class 'App\Models\UgOrderRecord' not found (0) in /Users/qishengqiang/PhpstormProjects/module.audit/app/Services/Audit/AuditService.php:21
Stack trace:
#0 /Users/qishengqiang/PhpstormProjects/module.audit/app/Logics/Audit/AuditLogic.php(25): App\Services\Audit\AuditService->getOrderDetail(Object(App\Structs\Audit\AuditStruct))
#1 /Users/qishengqiang/PhpstormProjects/module.audit/vendor/uniondrug/framework/src/Logics/Logic.php(30): App\Logics\Audit\AuditLogic->run(Array)
#2 /Users/qishengqiang/PhpstormProjects/module.audit/app/Controllers/Listeners/AuditListenerController.php(36): Uniondrug\Framework\Logics\Logic::factory(Array)
#3 [internal function]: App\Controllers\Listeners\AuditListenerController->autoAction()
#4 /Users/qishengqiang/PhpstormProjects/module.audit/vendor/uniondrug/middleware/src/Middlewares/DispatcherMiddleware.php(54): call_user_func_array(Array, Array)
#5 [internal function]: Uniondrug\Middleware\Middlewares\DispatcherMiddleware->handle(Object(Uniondrug\Framework\Request), Object(Uniondrug\Middleware\Delegate))
#6 /Users/qishengqiang/PhpstormProjects/module.audit/vendor/uniondrug/middleware/src/Middleware.php(34): call_user_func_array(Array, Array)
#7 /Users/qishengqiang/PhpstormProjects/module.audit/vendor/uniondrug/middleware/src/MiddlewareDispatcher.php(89): Uniondrug\Middleware\Middleware->process(Object(Uniondrug\Framework\Request), Object(Uniondrug\Middleware\Delegate))
#8 [internal function]: Uniondrug\Middleware\MiddlewareDispatcher->Uniondrug\Middleware\{closure}(Object(Uniondrug\Framework\Request))
#9 /Users/qishengqiang/PhpstormProjects/module.audit/vendor/uniondrug/middleware/src/Delegate.php(36): call_user_func(Object(Closure), Object(Uniondrug\Framework\Request))
#10 /Users/qishengqiang/PhpstormProjects/module.audit/vendor/uniondrug/middleware/src/Delegate.php(45): Uniondrug\Middleware\Delegate->process(Object(Uniondrug\Framework\Request))
#11 /Users/qishengqiang/PhpstormProjects/module.audit/vendor/uniondrug/middleware/src/Middlewares/PoweredByMiddleware.php(18): Uniondrug\Middleware\Delegate->__invoke(Object(Uniondrug\Framework\Request))
#12 [internal function]: Uniondrug\Middleware\Middlewares\PoweredByMiddleware->handle(Object(Uniondrug\Framework\Request), Object(Uniondrug\Middleware\Delegate))
#13 /Users/qishengqiang/PhpstormProjects/module.audit/vendor/uniondrug/middleware/src/Middleware.php(34): call_user_func_array(Array, Array)
#14 /Users/qishengqiang/PhpstormProjects/module.audit/vendor/uniondrug/middleware/src/MiddlewareDispatcher.php(89): Uniondrug\Middleware\Middleware->process(Object(Uniondrug\Framework\Request), Object(Uniondrug\Middleware\Delegate))
#15 [internal function]: Uniondrug\Middleware\MiddlewareDispatcher->Uniondrug\Middleware\{closure}(Object(Uniondrug\Framework\Request))
#16 /Users/qishengqiang/PhpstormProjects/module.audit/vendor/uniondrug/middleware/src/Delegate.php(36): call_user_func(Object(Closure), Object(Uniondrug\Framework\Request))
#17 /Users/qishengqiang/PhpstormProjects/module.audit/vendor/uniondrug/middleware/src/Delegate.php(45): Uniondrug\Middleware\Delegate->process(Object(Uniondrug\Framework\Request))
#18 /Users/qishengqiang/PhpstormProjects/module.audit/vendor/uniondrug/middleware/src/Middlewares/TraceMiddleware.php(61): Uniondrug\Middleware\Delegate->__invoke(Object(Uniondrug\Framework\Request))
#19 [internal function]: Uniondrug\Middleware\Middlewares\TraceMiddleware->handle(Object(Uniondrug\Framework\Request), Object(Uniondrug\Middleware\Delegate))
#20 /Users/qishengqiang/PhpstormProjects/module.audit/vendor/uniondrug/middleware/src/Middleware.php(34): call_user_func_array(Array, Array)
#21 /Users/qishengqiang/PhpstormProjects/module.audit/vendor/uniondrug/middleware/src/MiddlewareDispatcher.php(89): Uniondrug\Middleware\Middleware->process(Object(Uniondrug\Framework\Request), Object(Uniondrug\Middleware\Delegate))
#22 [internal function]: Uniondrug\Middleware\MiddlewareDispatcher->Uniondrug\Middleware\{closure}(Object(Uniondrug\Framework\Request))
#23 /Users/qishengqiang/PhpstormProjects/module.audit/vendor/uniondrug/middleware/src/Delegate.php(36): call_user_func(Object(Closure), Object(Uniondrug\Framework\Request))
#24 /Users/qishengqiang/PhpstormProjects/module.audit/vendor/uniondrug/middleware/src/Delegate.php(45): Uniondrug\Middleware\Delegate->process(Object(Uniondrug\Framework\Request))
#25 /Users/qishengqiang/PhpstormProjects/module.audit/vendor/uniondrug/middleware/src/Middlewares/FaviconIcoMiddleware.php(29): Uniondrug\Middleware\Delegate->__invoke(Object(Uniondrug\Framework\Request))
#26 [internal function]: Uniondrug\Middleware\Middlewares\FaviconIcoMiddleware->handle(Object(Uniondrug\Framework\Request), Object(Uniondrug\Middleware\Delegate))
#27 /Users/qishengqiang/PhpstormProjects/module.audit/vendor/uniondrug/middleware/src/Middleware.php(34): call_user_func_array(Array, Array)
#28 /Users/qishengqiang/PhpstormProjects/module.audit/vendor/uniondrug/middleware/src/MiddlewareDispatcher.php(89): Uniondrug\Middleware\Middleware->process(Object(Uniondrug\Framework\Request), Object(Uniondrug\Middleware\Delegate))
#29 [internal function]: Uniondrug\Middleware\MiddlewareDispatcher->Uniondrug\Middleware\{closure}(Object(Uniondrug\Framework\Request))
#30 /Users/qishengqiang/PhpstormProjects/module.audit/vendor/uniondrug/middleware/src/Delegate.php(36): call_user_func(Object(Closure), Object(Uniondrug\Framework\Request))
#31 /Users/qishengqiang/PhpstormProjects/module.audit/vendor/uniondrug/middleware/src/Middlewares/CacheMiddleware.php(27): Uniondrug\Middleware\Delegate->process(Object(Uniondrug\Framework\Request))
#32 [internal function]: Uniondrug\Middleware\Middlewares\CacheMiddleware->handle(Object(Uniondrug\Framework\Request), Object(Uniondrug\Middleware\Delegate))
#33 /Users/qishengqiang/PhpstormProjects/module.audit/vendor/uniondrug/middleware/src/Middleware.php(34): call_user_func_array(Array, Array)
#34 /Users/qishengqiang/PhpstormProjects/module.audit/vendor/uniondrug/middleware/src/MiddlewareDispatcher.php(89): Uniondrug\Middleware\Middleware->process(Object(Uniondrug\Framework\Request), Object(Uniondrug\Middleware\Delegate))
#35 [internal function]: Uniondrug\Middleware\MiddlewareDispatcher->Uniondrug\Middleware\{closure}(Object(Uniondrug\Framework\Request))
#36 /Users/qishengqiang/PhpstormProjects/module.audit/vendor/uniondrug/middleware/src/Delegate.php(36): call_user_func(Object(Closure), Object(Uniondrug\Framework\Request))
#37 /Users/qishengqiang/PhpstormProjects/module.audit/vendor/uniondrug/middleware/src/Delegate.php(45): Uniondrug\Middleware\Delegate->process(Object(Uniondrug\Framework\Request))
#38 /Users/qishengqiang/PhpstormProjects/module.audit/vendor/uniondrug/middleware/src/Middlewares/CorsMiddleware.php(17): Uniondrug\Middleware\Delegate->__invoke(Object(Uniondrug\Framework\Request))
#39 [internal function]: Uniondrug\Middleware\Middlewares\CorsMiddleware->handle(Object(Uniondrug\Framework\Request), Object(Uniondrug\Middleware\Delegate))
#40 /Users/qishengqiang/PhpstormProjects/module.audit/vendor/uniondrug/middleware/src/Middleware.php(34): call_user_func_array(Array, Array)
#41 /Users/qishengqiang/PhpstormProjects/module.audit/vendor/uniondrug/middleware/src/MiddlewareDispatcher.php(89): Uniondrug\Middleware\Middleware->process(Object(Uniondrug\Framework\Request), Object(Uniondrug\Middleware\Delegate))
#42 [internal function]: Uniondrug\Middleware\MiddlewareDispatcher->Uniondrug\Middleware\{closure}(Object(Uniondrug\Framework\Request))
#43 /Users/qishengqiang/PhpstormProjects/module.audit/vendor/uniondrug/middleware/src/Delegate.php(36): call_user_func(Object(Closure), Object(Uniondrug\Framework\Request))
#44 /Users/qishengqiang/PhpstormProjects/module.audit/vendor/uniondrug/middleware/src/MiddlewareDispatcher.php(77): Uniondrug\Middleware\Delegate->process(Object(Uniondrug\Framework\Request))
#45 /Users/qishengqiang/PhpstormProjects/module.audit/vendor/uniondrug/middleware/src/Dispatcher.php(64): Uniondrug\Middleware\MiddlewareDispatcher->dispatch(Object(Uniondrug\Framework\Request))
#46 [internal function]: Uniondrug\Middleware\Dispatcher->callActionMethod(Object(App\Controllers\Listeners\AuditListenerController), 'autoAction', Array)
#47 [internal function]: Phalcon\Dispatcher->_dispatch()
#48 [internal function]: Phalcon\Dispatcher->dispatch()
#49 /Users/qishengqiang/PhpstormProjects/module.audit/vendor/uniondrug/framework/src/Container.php(201): Phalcon\Mvc\Application->handle()
#50 /Users/qishengqiang/PhpstormProjects/module.audit/public/index.php(23): Uniondrug\Framework\Container->run('Uniondrug\\Frame...')
#51 {main}
