[Mon, 07 May 18 09:18:57 +0000][ERROR] [trace15256847370756211316] - 订单状态异常
[trace15256847370756211316] - #0 /Users/qishengqiang/PhpstormProjects/module.audit/app/Logics/Audit/AuditLogic.php(28): App\Services\Audit\AuditService->beforeAudit(Object(App\Models\UgOrderRecords))
[trace15256847370756211316] - #1 /Users/qishengqiang/PhpstormProjects/module.audit/vendor/uniondrug/framework/src/Logics/Logic.php(30): App\Logics\Audit\AuditLogic->run(Array)
[trace15256847370756211316] - #2 /Users/qishengqiang/PhpstormProjects/module.audit/app/Controllers/Listeners/AuditListenerController.php(36): Uniondrug\Framework\Logics\Logic::factory(Array)
[trace15256847370756211316] - #3 [internal function]: App\Controllers\Listeners\AuditListenerController->autoAction()
[trace15256847370756211316] - #4 /Users/qishengqiang/PhpstormProjects/module.audit/vendor/uniondrug/middleware/src/Middlewares/DispatcherMiddleware.php(54): call_user_func_array(Array, Array)
[trace15256847370756211316] - #5 [internal function]: Uniondrug\Middleware\Middlewares\DispatcherMiddleware->handle(Object(Uniondrug\Framework\Request), Object(Uniondrug\Middleware\Delegate))
[trace15256847370756211316] - #6 /Users/qishengqiang/PhpstormProjects/module.audit/vendor/uniondrug/middleware/src/Middleware.php(34): call_user_func_array(Array, Array)
[trace15256847370756211316] - #7 /Users/qishengqiang/PhpstormProjects/module.audit/vendor/uniondrug/middleware/src/MiddlewareDispatcher.php(89): Uniondrug\Middleware\Middleware->process(Object(Uniondrug\Framework\Request), Object(Uniondrug\Middleware\Delegate))
[trace15256847370756211316] - #8 [internal function]: Uniondrug\Middleware\MiddlewareDispatcher->Uniondrug\Middleware\{closure}(Object(Uniondrug\Framework\Request))
[trace15256847370756211316] - #9 /Users/qishengqiang/PhpstormProjects/module.audit/vendor/uniondrug/middleware/src/Delegate.php(36): call_user_func(Object(Closure), Object(Uniondrug\Framework\Request))
[trace15256847370756211316] - #10 /Users/qishengqiang/PhpstormProjects/module.audit/vendor/uniondrug/middleware/src/Delegate.php(45): Uniondrug\Middleware\Delegate->process(Object(Uniondrug\Framework\Request))
[trace15256847370756211316] - #11 /Users/qishengqiang/PhpstormProjects/module.audit/vendor/uniondrug/middleware/src/Middlewares/PoweredByMiddleware.php(18): Uniondrug\Middleware\Delegate->__invoke(Object(Uniondrug\Framework\Request))
[trace15256847370756211316] - #12 [internal function]: Uniondrug\Middleware\Middlewares\PoweredByMiddleware->handle(Object(Uniondrug\Framework\Request), Object(Uniondrug\Middleware\Delegate))
[trace15256847370756211316] - #13 /Users/qishengqiang/PhpstormProjects/module.audit/vendor/uniondrug/middleware/src/Middleware.php(34): call_user_func_array(Array, Array)
[trace15256847370756211316] - #14 /Users/qishengqiang/PhpstormProjects/module.audit/vendor/uniondrug/middleware/src/MiddlewareDispatcher.php(89): Uniondrug\Middleware\Middleware->process(Object(Uniondrug\Framework\Request), Object(Uniondrug\Middleware\Delegate))
[trace15256847370756211316] - #15 [internal function]: Uniondrug\Middleware\MiddlewareDispatcher->Uniondrug\Middleware\{closure}(Object(Uniondrug\Framework\Request))
[trace15256847370756211316] - #16 /Users/qishengqiang/PhpstormProjects/module.audit/vendor/uniondrug/middleware/src/Delegate.php(36): call_user_func(Object(Closure), Object(Uniondrug\Framework\Request))
[trace15256847370756211316] - #17 /Users/qishengqiang/PhpstormProjects/module.audit/vendor/uniondrug/middleware/src/Delegate.php(45): Uniondrug\Middleware\Delegate->process(Object(Uniondrug\Framework\Request))
[trace15256847370756211316] - #18 /Users/qishengqiang/PhpstormProjects/module.audit/vendor/uniondrug/middleware/src/Middlewares/TraceMiddleware.php(61): Uniondrug\Middleware\Delegate->__invoke(Object(Uniondrug\Framework\Request))
[trace15256847370756211316] - #19 [internal function]: Uniondrug\Middleware\Middlewares\TraceMiddleware->handle(Object(Uniondrug\Framework\Request), Object(Uniondrug\Middleware\Delegate))
[trace15256847370756211316] - #20 /Users/qishengqiang/PhpstormProjects/module.audit/vendor/uniondrug/middleware/src/Middleware.php(34): call_user_func_array(Array, Array)
[trace15256847370756211316] - #21 /Users/qishengqiang/PhpstormProjects/module.audit/vendor/uniondrug/middleware/src/MiddlewareDispatcher.php(89): Uniondrug\Middleware\Middleware->process(Object(Uniondrug\Framework\Request), Object(Uniondrug\Middleware\Delegate))
[trace15256847370756211316] - #22 [internal function]: Uniondrug\Middleware\MiddlewareDispatcher->Uniondrug\Middleware\{closure}(Object(Uniondrug\Framework\Request))
[trace15256847370756211316] - #23 /Users/qishengqiang/PhpstormProjects/module.audit/vendor/uniondrug/middleware/src/Delegate.php(36): call_user_func(Object(Closure), Object(Uniondrug\Framework\Request))
[trace15256847370756211316] - #24 /Users/qishengqiang/PhpstormProjects/module.audit/vendor/uniondrug/middleware/src/Delegate.php(45): Uniondrug\Middleware\Delegate->process(Object(Uniondrug\Framework\Request))
[trace15256847370756211316] - #25 /Users/qishengqiang/PhpstormProjects/module.audit/vendor/uniondrug/middleware/src/Middlewares/FaviconIcoMiddleware.php(29): Uniondrug\Middleware\Delegate->__invoke(Object(Uniondrug\Framework\Request))
[trace15256847370756211316] - #26 [internal function]: Uniondrug\Middleware\Middlewares\FaviconIcoMiddleware->handle(Object(Uniondrug\Framework\Request), Object(Uniondrug\Middleware\Delegate))
[trace15256847370756211316] - #27 /Users/qishengqiang/PhpstormProjects/module.audit/vendor/uniondrug/middleware/src/Middleware.php(34): call_user_func_array(Array, Array)
[trace15256847370756211316] - #28 /Users/qishengqiang/PhpstormProjects/module.audit/vendor/uniondrug/middleware/src/MiddlewareDispatcher.php(89): Uniondrug\Middleware\Middleware->process(Object(Uniondrug\Framework\Request), Object(Uniondrug\Middleware\Delegate))
[trace15256847370756211316] - #29 [internal function]: Uniondrug\Middleware\MiddlewareDispatcher->Uniondrug\Middleware\{closure}(Object(Uniondrug\Framework\Request))
[trace15256847370756211316] - #30 /Users/qishengqiang/PhpstormProjects/module.audit/vendor/uniondrug/middleware/src/Delegate.php(36): call_user_func(Object(Closure), Object(Uniondrug\Framework\Request))
[trace15256847370756211316] - #31 /Users/qishengqiang/PhpstormProjects/module.audit/vendor/uniondrug/middleware/src/Middlewares/CacheMiddleware.php(27): Uniondrug\Middleware\Delegate->process(Object(Uniondrug\Framework\Request))
[trace15256847370756211316] - #32 [internal function]: Uniondrug\Middleware\Middlewares\CacheMiddleware->handle(Object(Uniondrug\Framework\Request), Object(Uniondrug\Middleware\Delegate))
[trace15256847370756211316] - #33 /Users/qishengqiang/PhpstormProjects/module.audit/vendor/uniondrug/middleware/src/Middleware.php(34): call_user_func_array(Array, Array)
[trace15256847370756211316] - #34 /Users/qishengqiang/PhpstormProjects/module.audit/vendor/uniondrug/middleware/src/MiddlewareDispatcher.php(89): Uniondrug\Middleware\Middleware->process(Object(Uniondrug\Framework\Request), Object(Uniondrug\Middleware\Delegate))
[trace15256847370756211316] - #35 [internal function]: Uniondrug\Middleware\MiddlewareDispatcher->Uniondrug\Middleware\{closure}(Object(Uniondrug\Framework\Request))
[trace15256847370756211316] - #36 /Users/qishengqiang/PhpstormProjects/module.audit/vendor/uniondrug/middleware/src/Delegate.php(36): call_user_func(Object(Closure), Object(Uniondrug\Framework\Request))
[trace15256847370756211316] - #37 /Users/qishengqiang/PhpstormProjects/module.audit/vendor/uniondrug/middleware/src/Delegate.php(45): Uniondrug\Middleware\Delegate->process(Object(Uniondrug\Framework\Request))
[trace15256847370756211316] - #38 /Users/qishengqiang/PhpstormProjects/module.audit/vendor/uniondrug/middleware/src/Middlewares/CorsMiddleware.php(17): Uniondrug\Middleware\Delegate->__invoke(Object(Uniondrug\Framework\Request))
[trace15256847370756211316] - #39 [internal function]: Uniondrug\Middleware\Middlewares\CorsMiddleware->handle(Object(Uniondrug\Framework\Request), Object(Uniondrug\Middleware\Delegate))
[trace15256847370756211316] - #40 /Users/qishengqiang/PhpstormProjects/module.audit/vendor/uniondrug/middleware/src/Middleware.php(34): call_user_func_array(Array, Array)
[trace15256847370756211316] - #41 /Users/qishengqiang/PhpstormProjects/module.audit/vendor/uniondrug/middleware/src/MiddlewareDispatcher.php(89): Uniondrug\Middleware\Middleware->process(Object(Uniondrug\Framework\Request), Object(Uniondrug\Middleware\Delegate))
[trace15256847370756211316] - #42 [internal function]: Uniondrug\Middleware\MiddlewareDispatcher->Uniondrug\Middleware\{closure}(Object(Uniondrug\Framework\Request))
[trace15256847370756211316] - #43 /Users/qishengqiang/PhpstormProjects/module.audit/vendor/uniondrug/middleware/src/Delegate.php(36): call_user_func(Object(Closure), Object(Uniondrug\Framework\Request))
[trace15256847370756211316] - #44 /Users/qishengqiang/PhpstormProjects/module.audit/vendor/uniondrug/middleware/src/MiddlewareDispatcher.php(77): Uniondrug\Middleware\Delegate->process(Object(Uniondrug\Framework\Request))
[trace15256847370756211316] - #45 /Users/qishengqiang/PhpstormProjects/module.audit/vendor/uniondrug/middleware/src/Dispatcher.php(64): Uniondrug\Middleware\MiddlewareDispatcher->dispatch(Object(Uniondrug\Framework\Request))
[trace15256847370756211316] - #46 [internal function]: Uniondrug\Middleware\Dispatcher->callActionMethod(Object(App\Controllers\Listeners\AuditListenerController), 'autoAction', Array)
[trace15256847370756211316] - #47 [internal function]: Phalcon\Dispatcher->_dispatch()
[trace15256847370756211316] - #48 [internal function]: Phalcon\Dispatcher->dispatch()
[trace15256847370756211316] - #49 /Users/qishengqiang/PhpstormProjects/module.audit/vendor/uniondrug/framework/src/Container.php(201): Phalcon\Mvc\Application->handle()
[trace15256847370756211316] - #50 /Users/qishengqiang/PhpstormProjects/module.audit/public/index.php(23): Uniondrug\Framework\Container->run('Uniondrug\\Frame...')
[trace15256847370756211316] - #51 {main}
